[0m2021.01.24 14:25:07 INFO  tracing is disabled for protocol LSP, to enable tracing of incoming and outgoing JSON messages create an empty file at c:\xampp\htdocs\Coursera\null\scalameta\metals\cache\lsp.trace.json[0m
[0m2021.01.24 14:25:10 INFO  Starting Metals server with configuration: MetalsServerConfig(
  glob-syntax=GlobSyntaxConfig(vscode),
  status-bar=StatusBarConfig(off),
  open-files-on-rename=false,
  rename-file-threshold=300,
  slow-task=SlowTaskConfig(off),
  execute-client-command=ExecuteClientCommandConfig(off),
  compilers=PresentationCompilerConfigImpl(false,Some(editor.action.triggerParameterHints),Some(editor.action.triggerSuggest),Map(scala/collection/mutable/ -> mutable., java/util/ -> ju.),Unicode,true,true,true,true,false,true,true,true,scala.meta.internal.pc.PresentationCompilerConfigImpl$$$Lambda$78/0x00000001001ce040@4a00d9cf,20,SECONDS),
  http=false,
  input-box=false,
  ask-to-reconnect=false,
  icons=vscode,
  statistics=StatisticsConfig(default),
  bloop-port=default
)[0m
[0m2021.01.24 14:25:11 INFO  logging to file C:\xampp\htdocs\Coursera\.metals\metals.log[0m
[0m2021.01.24 14:44:05 INFO  tracing is disabled for protocol LSP, to enable tracing of incoming and outgoing JSON messages create an empty file at c:\xampp\htdocs\Coursera\null\scalameta\metals\cache\lsp.trace.json[0m
[0m2021.01.24 14:44:07 INFO  Starting Metals server with configuration: MetalsServerConfig(
  glob-syntax=GlobSyntaxConfig(vscode),
  status-bar=StatusBarConfig(off),
  open-files-on-rename=false,
  rename-file-threshold=300,
  slow-task=SlowTaskConfig(off),
  execute-client-command=ExecuteClientCommandConfig(off),
  compilers=PresentationCompilerConfigImpl(false,Some(editor.action.triggerParameterHints),Some(editor.action.triggerSuggest),Map(scala/collection/mutable/ -> mutable., java/util/ -> ju.),Unicode,true,true,true,true,false,true,true,true,scala.meta.internal.pc.PresentationCompilerConfigImpl$$$Lambda$77/0x00000001001cec40@7a3793c7,20,SECONDS),
  http=false,
  input-box=false,
  ask-to-reconnect=false,
  icons=vscode,
  statistics=StatisticsConfig(default),
  bloop-port=default
)[0m
[0m2021.01.24 14:44:07 INFO  logging to file C:\xampp\htdocs\Coursera\.metals\metals.log[0m
[0m2021.01.25 14:24:26 INFO  tracing is disabled for protocol LSP, to enable tracing of incoming and outgoing JSON messages create an empty file at c:\xampp\htdocs\Coursera\null\scalameta\metals\cache\lsp.trace.json[0m
[0m2021.01.25 14:24:28 INFO  Starting Metals server with configuration: MetalsServerConfig(
  glob-syntax=GlobSyntaxConfig(vscode),
  status-bar=StatusBarConfig(off),
  open-files-on-rename=false,
  rename-file-threshold=300,
  slow-task=SlowTaskConfig(off),
  execute-client-command=ExecuteClientCommandConfig(off),
  compilers=PresentationCompilerConfigImpl(false,Some(editor.action.triggerParameterHints),Some(editor.action.triggerSuggest),Map(scala/collection/mutable/ -> mutable., java/util/ -> ju.),Unicode,true,true,true,true,false,true,true,true,scala.meta.internal.pc.PresentationCompilerConfigImpl$$$Lambda$78/0x00000001001ce040@39d76cb5,20,SECONDS),
  http=false,
  input-box=false,
  ask-to-reconnect=false,
  icons=vscode,
  statistics=StatisticsConfig(default),
  bloop-port=default
)[0m
[0m2021.01.25 14:24:29 INFO  logging to file C:\xampp\htdocs\Coursera\.metals\metals.log[0m
[0m2021.01.26 19:08:40 INFO  tracing is disabled for protocol LSP, to enable tracing of incoming and outgoing JSON messages create an empty file at c:\xampp\htdocs\Coursera\null\scalameta\metals\cache\lsp.trace.json[0m
[0m2021.01.26 19:08:42 INFO  Starting Metals server with configuration: MetalsServerConfig(
  glob-syntax=GlobSyntaxConfig(vscode),
  status-bar=StatusBarConfig(off),
  open-files-on-rename=false,
  rename-file-threshold=300,
  slow-task=SlowTaskConfig(off),
  execute-client-command=ExecuteClientCommandConfig(off),
  compilers=PresentationCompilerConfigImpl(false,Some(editor.action.triggerParameterHints),Some(editor.action.triggerSuggest),Map(scala/collection/mutable/ -> mutable., java/util/ -> ju.),Unicode,true,true,true,true,false,true,true,true,scala.meta.internal.pc.PresentationCompilerConfigImpl$$$Lambda$77/0x00000001001cec40@7a3793c7,20,SECONDS),
  http=false,
  input-box=false,
  ask-to-reconnect=false,
  icons=vscode,
  statistics=StatisticsConfig(default),
  bloop-port=default
)[0m
[0m2021.01.26 19:08:43 INFO  logging to file C:\xampp\htdocs\Coursera\.metals\metals.log[0m
[0m2021.01.30 16:43:43 INFO  tracing is disabled for protocol LSP, to enable tracing of incoming and outgoing JSON messages create an empty file at c:\xampp\htdocs\Coursera\null\scalameta\metals\cache\lsp.trace.json[0m
[0m2021.01.30 16:43:46 INFO  Starting Metals server with configuration: MetalsServerConfig(
  glob-syntax=GlobSyntaxConfig(vscode),
  status-bar=StatusBarConfig(off),
  open-files-on-rename=false,
  rename-file-threshold=300,
  slow-task=SlowTaskConfig(off),
  execute-client-command=ExecuteClientCommandConfig(off),
  compilers=PresentationCompilerConfigImpl(false,Some(editor.action.triggerParameterHints),Some(editor.action.triggerSuggest),Map(scala/collection/mutable/ -> mutable., java/util/ -> ju.),Unicode,true,true,true,true,false,true,true,true,scala.meta.internal.pc.PresentationCompilerConfigImpl$$$Lambda$78/0x00000001001ce040@39d76cb5,20,SECONDS),
  http=false,
  input-box=false,
  ask-to-reconnect=false,
  icons=vscode,
  statistics=StatisticsConfig(default),
  bloop-port=default
)[0m
[0m2021.01.30 16:43:49 INFO  logging to file C:\xampp\htdocs\Coursera\.metals\metals.log[0m
[0m2021.01.31 13:11:25 INFO  tracing is disabled for protocol LSP, to enable tracing of incoming and outgoing JSON messages create an empty file at c:\xampp\htdocs\Coursera\null\scalameta\metals\cache\lsp.trace.json[0m
[0m2021.01.31 13:11:28 INFO  Starting Metals server with configuration: MetalsServerConfig(
  glob-syntax=GlobSyntaxConfig(vscode),
  status-bar=StatusBarConfig(off),
  open-files-on-rename=false,
  rename-file-threshold=300,
  slow-task=SlowTaskConfig(off),
  execute-client-command=ExecuteClientCommandConfig(off),
  compilers=PresentationCompilerConfigImpl(false,Some(editor.action.triggerParameterHints),Some(editor.action.triggerSuggest),Map(scala/collection/mutable/ -> mutable., java/util/ -> ju.),Unicode,true,true,true,true,false,true,true,true,scala.meta.internal.pc.PresentationCompilerConfigImpl$$$Lambda$78/0x00000001001ce040@39d76cb5,20,SECONDS),
  http=false,
  input-box=false,
  ask-to-reconnect=false,
  icons=vscode,
  statistics=StatisticsConfig(default),
  bloop-port=default
)[0m
[0m2021.01.31 13:11:29 INFO  logging to file C:\xampp\htdocs\Coursera\.metals\metals.log[0m
[0m2021.02.01 13:51:42 INFO  tracing is disabled for protocol LSP, to enable tracing of incoming and outgoing JSON messages create an empty file at c:\xampp\htdocs\Coursera\null\scalameta\metals\cache\lsp.trace.json[0m
[0m2021.02.01 13:51:46 INFO  Starting Metals server with configuration: MetalsServerConfig(
  glob-syntax=GlobSyntaxConfig(vscode),
  status-bar=StatusBarConfig(off),
  open-files-on-rename=false,
  rename-file-threshold=300,
  slow-task=SlowTaskConfig(off),
  execute-client-command=ExecuteClientCommandConfig(off),
  compilers=PresentationCompilerConfigImpl(false,Some(editor.action.triggerParameterHints),Some(editor.action.triggerSuggest),Map(scala/collection/mutable/ -> mutable., java/util/ -> ju.),Unicode,true,true,true,true,false,true,true,true,scala.meta.internal.pc.PresentationCompilerConfigImpl$$$Lambda$78/0x00000001001ce040@39d76cb5,20,SECONDS),
  http=false,
  input-box=false,
  ask-to-reconnect=false,
  icons=vscode,
  statistics=StatisticsConfig(default),
  bloop-port=default
)[0m
[0m2021.02.01 13:51:47 INFO  logging to file C:\xampp\htdocs\Coursera\.metals\metals.log[0m
[0m2021.02.01 14:38:21 INFO  tracing is disabled for protocol LSP, to enable tracing of incoming and outgoing JSON messages create an empty file at c:\xampp\htdocs\Coursera\null\scalameta\metals\cache\lsp.trace.json[0m
[0m2021.02.01 14:38:23 INFO  Starting Metals server with configuration: MetalsServerConfig(
  glob-syntax=GlobSyntaxConfig(vscode),
  status-bar=StatusBarConfig(off),
  open-files-on-rename=false,
  rename-file-threshold=300,
  slow-task=SlowTaskConfig(off),
  execute-client-command=ExecuteClientCommandConfig(off),
  compilers=PresentationCompilerConfigImpl(false,Some(editor.action.triggerParameterHints),Some(editor.action.triggerSuggest),Map(scala/collection/mutable/ -> mutable., java/util/ -> ju.),Unicode,true,true,true,true,false,true,true,true,scala.meta.internal.pc.PresentationCompilerConfigImpl$$$Lambda$77/0x00000001001cec40@7a3793c7,20,SECONDS),
  http=false,
  input-box=false,
  ask-to-reconnect=false,
  icons=vscode,
  statistics=StatisticsConfig(default),
  bloop-port=default
)[0m
[0m2021.02.01 14:38:24 INFO  logging to file C:\xampp\htdocs\Coursera\.metals\metals.log[0m
[0m2021.02.02 20:46:12 INFO  tracing is disabled for protocol LSP, to enable tracing of incoming and outgoing JSON messages create an empty file at c:\xampp\htdocs\Coursera\null\scalameta\metals\cache\lsp.trace.json[0m
[0m2021.02.02 20:46:14 INFO  Starting Metals server with configuration: MetalsServerConfig(
  glob-syntax=GlobSyntaxConfig(vscode),
  status-bar=StatusBarConfig(off),
  open-files-on-rename=false,
  rename-file-threshold=300,
  slow-task=SlowTaskConfig(off),
  execute-client-command=ExecuteClientCommandConfig(off),
  compilers=PresentationCompilerConfigImpl(false,Some(editor.action.triggerParameterHints),Some(editor.action.triggerSuggest),Map(scala/collection/mutable/ -> mutable., java/util/ -> ju.),Unicode,true,true,true,true,false,true,true,true,scala.meta.internal.pc.PresentationCompilerConfigImpl$$$Lambda$78/0x00000001001ce040@39d76cb5,20,SECONDS),
  http=false,
  input-box=false,
  ask-to-reconnect=false,
  icons=vscode,
  statistics=StatisticsConfig(default),
  bloop-port=default
)[0m
[0m2021.02.02 20:46:14 INFO  logging to file C:\xampp\htdocs\Coursera\.metals\metals.log[0m
[0m2021.02.03 19:28:51 INFO  tracing is disabled for protocol LSP, to enable tracing of incoming and outgoing JSON messages create an empty file at c:\xampp\htdocs\Coursera\null\scalameta\metals\cache\lsp.trace.json[0m
[0m2021.02.03 19:28:59 INFO  Starting Metals server with configuration: MetalsServerConfig(
  glob-syntax=GlobSyntaxConfig(vscode),
  status-bar=StatusBarConfig(off),
  open-files-on-rename=false,
  rename-file-threshold=300,
  slow-task=SlowTaskConfig(off),
  execute-client-command=ExecuteClientCommandConfig(off),
  compilers=PresentationCompilerConfigImpl(false,Some(editor.action.triggerParameterHints),Some(editor.action.triggerSuggest),Map(scala/collection/mutable/ -> mutable., java/util/ -> ju.),Unicode,true,true,true,true,false,true,true,true,scala.meta.internal.pc.PresentationCompilerConfigImpl$$$Lambda$77/0x00000001001cec40@7a3793c7,20,SECONDS),
  http=false,
  input-box=false,
  ask-to-reconnect=false,
  icons=vscode,
  statistics=StatisticsConfig(default),
  bloop-port=default
)[0m
[0m2021.02.03 19:29:00 INFO  logging to file C:\xampp\htdocs\Coursera\.metals\metals.log[0m
[0m2021.02.03 22:42:40 INFO  tracing is disabled for protocol LSP, to enable tracing of incoming and outgoing JSON messages create an empty file at c:\xampp\htdocs\Coursera\null\scalameta\metals\cache\lsp.trace.json[0m
[0m2021.02.03 22:42:45 INFO  Starting Metals server with configuration: MetalsServerConfig(
  glob-syntax=GlobSyntaxConfig(vscode),
  status-bar=StatusBarConfig(off),
  open-files-on-rename=false,
  rename-file-threshold=300,
  slow-task=SlowTaskConfig(off),
  execute-client-command=ExecuteClientCommandConfig(off),
  compilers=PresentationCompilerConfigImpl(false,Some(editor.action.triggerParameterHints),Some(editor.action.triggerSuggest),Map(scala/collection/mutable/ -> mutable., java/util/ -> ju.),Unicode,true,true,true,true,false,true,true,true,scala.meta.internal.pc.PresentationCompilerConfigImpl$$$Lambda$77/0x00000001001cec40@7a3793c7,20,SECONDS),
  http=false,
  input-box=false,
  ask-to-reconnect=false,
  icons=vscode,
  statistics=StatisticsConfig(default),
  bloop-port=default
)[0m
[0m2021.02.03 22:42:46 INFO  logging to file C:\xampp\htdocs\Coursera\.metals\metals.log[0m
[0m2021.02.06 21:16:39 INFO  tracing is disabled for protocol LSP, to enable tracing of incoming and outgoing JSON messages create an empty file at c:\xampp\htdocs\Coursera\null\scalameta\metals\cache\lsp.trace.json[0m
[0m2021.02.06 21:16:45 INFO  Starting Metals server with configuration: MetalsServerConfig(
  glob-syntax=GlobSyntaxConfig(vscode),
  status-bar=StatusBarConfig(off),
  open-files-on-rename=false,
  rename-file-threshold=300,
  slow-task=SlowTaskConfig(off),
  execute-client-command=ExecuteClientCommandConfig(off),
  compilers=PresentationCompilerConfigImpl(false,Some(editor.action.triggerParameterHints),Some(editor.action.triggerSuggest),Map(scala/collection/mutable/ -> mutable., java/util/ -> ju.),Unicode,true,true,true,true,false,true,true,true,scala.meta.internal.pc.PresentationCompilerConfigImpl$$$Lambda$77/0x00000001001cec40@7a3793c7,20,SECONDS),
  http=false,
  input-box=false,
  ask-to-reconnect=false,
  icons=vscode,
  statistics=StatisticsConfig(default),
  bloop-port=default
)[0m
[0m2021.02.06 21:16:46 INFO  logging to file C:\xampp\htdocs\Coursera\.metals\metals.log[0m
[0m2021.02.07 12:36:57 INFO  tracing is disabled for protocol LSP, to enable tracing of incoming and outgoing JSON messages create an empty file at c:\xampp\htdocs\Coursera\null\scalameta\metals\cache\lsp.trace.json[0m
[0m2021.02.07 12:36:59 INFO  Starting Metals server with configuration: MetalsServerConfig(
  glob-syntax=GlobSyntaxConfig(vscode),
  status-bar=StatusBarConfig(off),
  open-files-on-rename=false,
  rename-file-threshold=300,
  slow-task=SlowTaskConfig(off),
  execute-client-command=ExecuteClientCommandConfig(off),
  compilers=PresentationCompilerConfigImpl(false,Some(editor.action.triggerParameterHints),Some(editor.action.triggerSuggest),Map(scala/collection/mutable/ -> mutable., java/util/ -> ju.),Unicode,true,true,true,true,false,true,true,true,scala.meta.internal.pc.PresentationCompilerConfigImpl$$$Lambda$78/0x00000001001ce040@39d76cb5,20,SECONDS),
  http=false,
  input-box=false,
  ask-to-reconnect=false,
  icons=vscode,
  statistics=StatisticsConfig(default),
  bloop-port=default
)[0m
[0m2021.02.07 12:37:00 INFO  logging to file C:\xampp\htdocs\Coursera\.metals\metals.log[0m
